g_int -8.0
Fermi_Energy 0.785398163397
['Fer_Z2', 'on'] ['Fer', 'single', 'QR', 15, 'cg', 'iden', 20, 140, 'TEBD_SVD', 'Z2'] h= [-1.0, 4.0, 0.7, -8.0, 0.0] D= [3, 2] d_out [4, 4] chi_single [120] chi_boundry [20]
q_d_in [(U1 = 0, P = 0, 0), (U1 = 0, P = 0, 0), (U1 = 0, P = 1, 0), (U1 = 0, P = 1, 0)]
q_d_out [(U1 = 0, P = 0, 0), (U1 = 0, P = 0, 0), (U1 = 0, P = 0, 0), (U1 = 0, P = 0, 0), (U1 = 0, P = 1, 0), (U1 = 0, P = 1, 0), (U1 = 0, P = 1, 0), (U1 = 0, P = 1, 0)]
q_D [(U1 = 0, P = 0, 0), (U1 = 0, P = 0, 0), (U1 = 0, P = 0, 0), (U1 = 0, P = 1, 0), (U1 = 0, P = 1, 0)]
E_peps -0.318925483214
N_f 2.00131376395
E_final -1.71984511798
E_final -1.71892548321
[(U1 = 0, P = 0, 0), (U1 = 0, P = 0, 0), (U1 = 0, P = 0, 0), (U1 = 0, P = 1, 0), (U1 = 0, P = 1, 0), (U1 = 0, P = 1, 0)]
i,j 0 0
valf 1.398806182e-06
0 1.398806182e-06 inf
1 3.31438787526e-08 41.2040580234
2 3.05844629622e-08 0.0836835289074
3 2.89812565057e-08 0.0553187352716
4 2.77360463485e-08 0.0448950128494
5 2.67667612519e-08 0.0362122666806
6 2.60190482493e-08 0.0287371388631
7 2.54455549964e-08 0.0225380524405
8 2.50044429606e-08 0.0176413462392
9 2.46601139509e-08 0.0139629934572
i,j 0 1
valf 0.0173926984612
0 0.0173926984612 inf
1 0.00179254871029 8.70277591976
2 0.000717396235753 1.49868708665
3 0.000607893812711 0.180134129929
4 0.00052051174638 0.167877222635
5 0.000457201743384 0.138472794369
6 0.000412322753595 0.108844320128
7 0.00037938325945 0.0868237944748
8 0.000354364922382 0.0706004897427
9 0.000334609149103 0.0590413422095
i,j 1 0
valf 0.0102743719347
0 0.0102743719347 inf
1 0.000531344795091 18.3365438593
2 0.000247645493118 1.14558637187
3 0.000176670590493 0.401735809153
4 0.000146278508272 0.207768609215
5 0.000128193903821 0.141072265618
6 0.000115617006134 0.10878068986
7 0.00010611473801 0.0895471100674
8 9.85355703946e-05 0.0769180873966
9 9.22530212435e-05 0.0681012834751
i,j 1 1
valf 0.00952178970121
0 0.00952178970121 inf
1 0.00672053575678 0.416820034267
2 0.00262979730288 1.55553374757
3 0.00151961158242 0.730572031233
4 0.0012739543665 0.19283046739
5 0.00114229335796 0.115260241705
6 0.00102959341116 0.10946063327
7 0.000926136456219 0.111708111965
8 0.000829278873391 0.116797359652
9 0.000737617229884 0.124267221255
sumZ -3.56193453408e-05
sumN 2.00145667479
E_peps -0.316368655796
Sz_0 -3.52175847883e-05
N_f 2.00145663985
E_final -1.71738830369
E_final -1.7163686558
[(0.02, [10, 'off'])]
0.02 [10, 'off']
N 2.00145663985
Sz -3.52175847883e-05
E_0 -0.316368655796
E_final -1.7163686558
E_final -1.71738830369
Sz -3.52175847883e-05
N 2.00145663985
E_0 -0.316368655796
E_final -1.7163686558
E_final -1.71738830369
E_t 0 -0.426580231265 -0.316368655796 -0.225945534261 -0.200634697004 0.258360719488
Sz -2.85650651403e-05
N 2.00125296677
E_0 -0.324804131381
E_final -1.72480413138
E_final -1.72568120812
E_t 1 -0.433469043589 -0.426580231265 -0.227280687946 -0.206188355643 0.0158922821022
Sz -2.59587769e-05
N 2.00118473015
E_0 -0.33050425724
E_final -1.73050425724
E_final -1.73133356834
E_t 2 -0.437907932772 -0.433469043589 -0.227642915818 -0.210265016954 0.0101365808899
Sz -1.96649301895e-05
N 2.0011469765
E_0 -0.334351433405
E_final -1.7343514334
E_final -1.73515431695
E_t 3 -0.440915698984 -0.437907932772 -0.227663142186 -0.213252556798 0.00682163556266
Sz -1.8760406627e-05
N 2.00114963885
E_0 -0.336972212487
E_final -1.73697221249
E_final -1.73777695969
E_t 4 -0.44296109184 -0.440915698984 -0.22748483085 -0.21547626099 0.00461754518337
Sz -1.98174669839e-05
N 2.00112781099
E_0 -0.338857562217
E_final -1.73885756222
E_final -1.73964702991
E_t 5 -0.444445047922 -0.44296109184 -0.227327105165 -0.217117942757 0.0033388966518
Sz -2.2970933259e-05
N 2.00112002255
E_0 -0.340219465931
E_final -1.74021946593
E_final -1.74100348172
E_t 6 -0.445531199068 -0.444445047922 -0.227204565955 -0.218326633113 0.00243787898081
Sz -1.85387439578e-05
N 2.00108166595
E_0 -0.341231553963
E_final -1.74123155396
E_final -1.74198872013
E_t 7 -0.446404529203 -0.445531199068 -0.227177675607 -0.219226853596 0.00195636486164
Sz -2.15364057781e-05
N 2.00113783595
E_0 -0.342